2025-05-16 23:32:24.000 INFO  c.k.katalon.core.main.TestSuiteExecutor  - START Test Suites/Phase 1
2025-05-16 23:32:24.048 INFO  c.k.katalon.core.main.TestSuiteExecutor  - userFullName = yash kabra
2025-05-16 23:32:24.049 INFO  c.k.katalon.core.main.TestSuiteExecutor  - projectName = Quantumtrades
2025-05-16 23:32:24.049 INFO  c.k.katalon.core.main.TestSuiteExecutor  - hostName = yashkabra - localhost
2025-05-16 23:32:24.049 INFO  c.k.katalon.core.main.TestSuiteExecutor  - os = Mac OS X 64bit
2025-05-16 23:32:24.049 INFO  c.k.katalon.core.main.TestSuiteExecutor  - hostAddress = 127.0.0.1
2025-05-16 23:32:24.050 INFO  c.k.katalon.core.main.TestSuiteExecutor  - katalonVersion = 10.2.0.0
2025-05-16 23:32:24.257 INFO  c.k.katalon.core.main.TestCaseExecutor   - --------------------
2025-05-16 23:32:24.257 INFO  c.k.katalon.core.main.TestCaseExecutor   - START Test Cases/Login_and_SignUp/Standard_Login_TC
2025-05-16 23:32:24.302 DEBUG testcase.Standard_Login_TC               - 1: openBrowser("")
2025-05-16 23:32:24.379 INFO  c.k.k.core.webui.driver.DriverFactory    - Starting 'Chrome' driver
2025-05-16 23:32:24.404 INFO  c.k.k.core.webui.driver.DriverFactory    - Action delay is set to 0 milliseconds
May 16, 2025 11:32:27 PM org.openqa.selenium.devtools.CdpVersionFinder findNearestMatch
WARNING: Unable to find CDP implementation matching 136
May 16, 2025 11:32:27 PM org.openqa.selenium.chromium.ChromiumDriver lambda$new$4
WARNING: Unable to find version of CDP to use for 136.0.7103.114. You may need to include a dependency on a specific version of the CDP using something similar to `org.seleniumhq.selenium:selenium-devtools-v86:4.28.1` where the version ("v86") matches the version of the chromium-based browser you're using and the version number of the artifact is the same as Selenium's.
2025-05-16 23:32:27.600 INFO  c.k.k.core.webui.driver.DriverFactory    - sessionId = b40ad26a06ad9404fb289be8c0e0c3e4
2025-05-16 23:32:27.601 INFO  c.k.k.core.webui.driver.DriverFactory    - browser = Chrome 136.0.7103.114
2025-05-16 23:32:27.601 INFO  c.k.k.core.webui.driver.DriverFactory    - platform = Mac OS X
2025-05-16 23:32:27.601 INFO  c.k.k.core.webui.driver.DriverFactory    - seleniumVersion = 4.28.1
2025-05-16 23:32:27.606 INFO  c.k.k.core.webui.driver.DriverFactory    - proxyInformation = ProxyInformation { proxyOption=NO_PROXY, proxyServerType=HTTP, username=, password=********, proxyServerAddress=, proxyServerPort=0, executionList="", isApplyToDesiredCapabilities=true }
2025-05-16 23:32:27.631 DEBUG testcase.Standard_Login_TC               - 2: navigateToUrl("https://dev-portal.quantumtrades.com/")
2025-05-16 23:32:35.386 DEBUG testcase.Standard_Login_TC               - 3: click(findTestObject("Object Repository/Login_page/Page_QuantumTrades/input_Enter your email or phone number"))
2025-05-16 23:32:35.775 DEBUG testcase.Standard_Login_TC               - 4: sendKeys(findTestObject("Object Repository/Login_page/Page_QuantumTrades/input_Enter your email or phone number"), "yashkabra30@gmail.com")
2025-05-16 23:32:36.240 DEBUG testcase.Standard_Login_TC               - 5: delay(10)
2025-05-16 23:32:46.278 DEBUG testcase.Standard_Login_TC               - 6: click(findTestObject("Object Repository/Login_page/Page_QuantumTrades/button_signInBtnEmailContinue"))
2025-05-16 23:32:46.620 DEBUG testcase.Standard_Login_TC               - 7: click(findTestObject("Object Repository/Login_page/Page_QuantumTrades/input_Please enter your password"))
2025-05-16 23:32:57.852 DEBUG testcase.Standard_Login_TC               - 8: setEncryptedText(findTestObject("Object Repository/Login_page/Page_QuantumTrades/input_Please enter your password"), "cvW8qx4B2o1WegCEDy41Xg==")
2025-05-16 23:32:58.163 DEBUG testcase.Standard_Login_TC               - 9: click(findTestObject("Object Repository/Login_page/Page_QuantumTrades/button_signInBtnPasswordContinue"))
2025-05-16 23:32:58.443 DEBUG testcase.Standard_Login_TC               - 10: verifyElementPresent(findTestObject("Object Repository/Login_page/Page_QuantumTrades/p_user-welcome"), 0)
2025-05-16 23:32:58.453 WARN  c.kms.katalon.core.helper.KeywordHelper  - Timeout '0' is invalid. Using default page load timeout: '30'
2025-05-16 23:33:05.343 DEBUG testcase.Standard_Login_TC               - 11: closeBrowser()
2025-05-16 23:33:05.491 INFO  c.k.katalon.core.main.TestCaseExecutor   - END Test Cases/Login_and_SignUp/Standard_Login_TC
2025-05-16 23:33:05.497 INFO  c.k.katalon.core.main.TestCaseExecutor   - --------------------
2025-05-16 23:33:05.497 INFO  c.k.katalon.core.main.TestCaseExecutor   - START Test Cases/Login_and_SignUp/Login_With_Valid_Email_Invalid_PWD_TC
2025-05-16 23:33:05.542 DEBUG t.Login_With_Valid_Email_Invalid_PWD_TC  - 1: openBrowser("")
2025-05-16 23:33:05.548 INFO  c.k.k.core.webui.driver.DriverFactory    - Starting 'Chrome' driver
2025-05-16 23:33:05.550 INFO  c.k.k.core.webui.driver.DriverFactory    - Action delay is set to 0 milliseconds
May 16, 2025 11:33:06 PM org.openqa.selenium.devtools.CdpVersionFinder findNearestMatch
WARNING: Unable to find CDP implementation matching 136
May 16, 2025 11:33:06 PM org.openqa.selenium.chromium.ChromiumDriver lambda$new$4
WARNING: Unable to find version of CDP to use for 136.0.7103.114. You may need to include a dependency on a specific version of the CDP using something similar to `org.seleniumhq.selenium:selenium-devtools-v86:4.28.1` where the version ("v86") matches the version of the chromium-based browser you're using and the version number of the artifact is the same as Selenium's.
2025-05-16 23:33:06.908 INFO  c.k.k.core.webui.driver.DriverFactory    - sessionId = b05f357ae93d535a84e1533ab2122807
2025-05-16 23:33:06.911 INFO  c.k.k.core.webui.driver.DriverFactory    - browser = Chrome 136.0.7103.114
2025-05-16 23:33:06.914 INFO  c.k.k.core.webui.driver.DriverFactory    - platform = Mac OS X
2025-05-16 23:33:06.914 INFO  c.k.k.core.webui.driver.DriverFactory    - seleniumVersion = 4.28.1
2025-05-16 23:33:06.915 INFO  c.k.k.core.webui.driver.DriverFactory    - proxyInformation = ProxyInformation { proxyOption=NO_PROXY, proxyServerType=HTTP, username=, password=********, proxyServerAddress=, proxyServerPort=0, executionList="", isApplyToDesiredCapabilities=true }
2025-05-16 23:33:06.944 DEBUG t.Login_With_Valid_Email_Invalid_PWD_TC  - 2: navigateToUrl("https://dev-portal.quantumtrades.com/")
2025-05-16 23:33:14.334 DEBUG t.Login_With_Valid_Email_Invalid_PWD_TC  - 3: setText(findTestObject("Object Repository/Login_page/Page_QuantumTrades/input_Enter your email or phone number"), "yashkabra30@gmail.com")
2025-05-16 23:33:15.801 DEBUG t.Login_With_Valid_Email_Invalid_PWD_TC  - 4: click(findTestObject("Object Repository/Login_page/Page_QuantumTrades/button_signInBtnEmailContinue"))
2025-05-16 23:33:16.326 DEBUG t.Login_With_Valid_Email_Invalid_PWD_TC  - 5: click(findTestObject("Object Repository/Login_page/Page_QuantumTrades/button_signInBtnEmailContinue"))
2025-05-16 23:33:21.155 DEBUG t.Login_With_Valid_Email_Invalid_PWD_TC  - 6: click(findTestObject("Object Repository/Login_page/Page_QuantumTrades/button_signInBtnEmailContinue"))
2025-05-16 23:33:23.177 DEBUG t.Login_With_Valid_Email_Invalid_PWD_TC  - 7: click(findTestObject("Object Repository/Login_page/Page_QuantumTrades/input_Please enter your password"))
2025-05-16 23:33:35.263 DEBUG t.Login_With_Valid_Email_Invalid_PWD_TC  - 8: setEncryptedText(findTestObject("Object Repository/Login_page/Page_QuantumTrades/input_Please enter your password"), "cvW8qx4B2o1gIDzvWT+0mQ==")
2025-05-16 23:33:35.573 DEBUG t.Login_With_Valid_Email_Invalid_PWD_TC  - 9: click(findTestObject("Object Repository/Login_page/Page_QuantumTrades/button_signInBtnPasswordContinue"))
2025-05-16 23:33:35.841 DEBUG t.Login_With_Valid_Email_Invalid_PWD_TC  - 10: click(findTestObject("Object Repository/Login_page/Page_QuantumTrades/p_Invalid Password"))
2025-05-16 23:33:38.039 DEBUG t.Login_With_Valid_Email_Invalid_PWD_TC  - 11: closeBrowser()
2025-05-16 23:33:38.162 INFO  c.k.katalon.core.main.TestCaseExecutor   - END Test Cases/Login_and_SignUp/Login_With_Valid_Email_Invalid_PWD_TC
2025-05-16 23:33:38.166 INFO  c.k.katalon.core.main.TestCaseExecutor   - --------------------
2025-05-16 23:33:38.166 INFO  c.k.katalon.core.main.TestCaseExecutor   - START Test Cases/Login_and_SignUp/Login_With_Invalid_Email_TC
2025-05-16 23:33:38.227 DEBUG testcase.Login_With_Invalid_Email_TC     - 1: openBrowser("")
2025-05-16 23:33:38.233 INFO  c.k.k.core.webui.driver.DriverFactory    - Starting 'Chrome' driver
2025-05-16 23:33:38.235 INFO  c.k.k.core.webui.driver.DriverFactory    - Action delay is set to 0 milliseconds
May 16, 2025 11:33:39 PM org.openqa.selenium.devtools.CdpVersionFinder findNearestMatch
WARNING: Unable to find CDP implementation matching 136
May 16, 2025 11:33:39 PM org.openqa.selenium.chromium.ChromiumDriver lambda$new$4
WARNING: Unable to find version of CDP to use for 136.0.7103.114. You may need to include a dependency on a specific version of the CDP using something similar to `org.seleniumhq.selenium:selenium-devtools-v86:4.28.1` where the version ("v86") matches the version of the chromium-based browser you're using and the version number of the artifact is the same as Selenium's.
2025-05-16 23:33:39.422 INFO  c.k.k.core.webui.driver.DriverFactory    - sessionId = a8d9de3553118ac56032fdb40fdd7a62
2025-05-16 23:33:39.423 INFO  c.k.k.core.webui.driver.DriverFactory    - browser = Chrome 136.0.7103.114
2025-05-16 23:33:39.423 INFO  c.k.k.core.webui.driver.DriverFactory    - platform = Mac OS X
2025-05-16 23:33:39.423 INFO  c.k.k.core.webui.driver.DriverFactory    - seleniumVersion = 4.28.1
2025-05-16 23:33:39.424 INFO  c.k.k.core.webui.driver.DriverFactory    - proxyInformation = ProxyInformation { proxyOption=NO_PROXY, proxyServerType=HTTP, username=, password=********, proxyServerAddress=, proxyServerPort=0, executionList="", isApplyToDesiredCapabilities=true }
2025-05-16 23:33:39.434 DEBUG testcase.Login_With_Invalid_Email_TC     - 2: navigateToUrl("https://dev-portal.quantumtrades.com/")
2025-05-16 23:33:40.495 DEBUG testcase.Login_With_Invalid_Email_TC     - 3: setText(findTestObject("Object Repository/Login_page/Page_QuantumTrades/input_Enter your email or phone number"), "test@test.com")
2025-05-16 23:33:47.786 DEBUG testcase.Login_With_Invalid_Email_TC     - 4: click(findTestObject("Object Repository/Login_page/Page_QuantumTrades/button_signInBtnEmailContinue"))
2025-05-16 23:33:48.314 DEBUG testcase.Login_With_Invalid_Email_TC     - 5: click(findTestObject("Object Repository/Login_page/Page_QuantumTrades/p_User doesnt exist for the entered email"))
2025-05-16 23:33:52.198 DEBUG testcase.Login_With_Invalid_Email_TC     - 6: closeBrowser()
2025-05-16 23:33:52.315 INFO  c.k.katalon.core.main.TestCaseExecutor   - END Test Cases/Login_and_SignUp/Login_With_Invalid_Email_TC
❌ Failed to send Discord message. HTTP response code: 204
Response message: No Content
2025-05-16 23:33:54.670 INFO  c.k.katalon.core.main.TestSuiteExecutor  - --------------------
2025-05-16 23:33:54.670 INFO  c.k.katalon.core.main.TestSuiteExecutor  - END Test Suites/Phase 1
2025-05-16 23:33:54.671 INFO  c.k.katalon.core.main.TestSuiteExecutor  - ====================
